#
# There is insufficient memory for the Java Runtime Environment to continue.
# Native memory allocation (mmap) failed to map 31457280 bytes for G1 virtual space
# Possible reasons:
#   The system is out of physical RAM or swap space
#   The process is running with CompressedOops enabled, and the Java Heap may be blocking the growth of the native heap
# Possible solutions:
#   Reduce memory load on the system
#   Increase physical memory or swap space
#   Check if swap backing store is full
#   Decrease Java heap size (-Xmx/-Xms)
#   Decrease number of Java threads
#   Decrease Java thread stack sizes (-Xss)
#   Set larger code cache with -XX:ReservedCodeCacheSize=
#   JVM is running with Unscaled Compressed Oops mode in which the Java heap is
#     placed in the first 4GB address space. The Java Heap base address is the
#     maximum limit for the native heap growth. Please use -XX:HeapBaseMinAddress
#     to set the Java Heap base and to place the Java Heap above 4GB virtual address.
# This output file may be truncated or incomplete.
#
#  Out of Memory Error (os_windows.cpp:3769), pid=9236, tid=12036
#
# JRE version: OpenJDK Runtime Environment (17.0.6) (build 17.0.6+0-b2043.56-9586694)
# Java VM: OpenJDK 64-Bit Server VM (17.0.6+0-b2043.56-9586694, mixed mode, tiered, compressed oops, compressed class ptrs, g1 gc, windows-amd64)
# No core dump will be written. Minidumps are not enabled by default on client versions of Windows
#

---------------  S U M M A R Y ------------

Command Line: --add-opens=java.base/java.util=ALL-UNNAMED --add-opens=java.base/java.lang=ALL-UNNAMED --add-opens=java.base/java.lang.invoke=ALL-UNNAMED --add-opens=java.prefs/java.util.prefs=ALL-UNNAMED --add-opens=java.base/java.nio.charset=ALL-UNNAMED --add-opens=java.base/java.net=ALL-UNNAMED --add-opens=java.base/java.util.concurrent.atomic=ALL-UNNAMED -Xmx2048m -Dfile.encoding=UTF-8 -Duser.country=ID -Duser.language=en -Duser.variant org.gradle.launcher.daemon.bootstrap.GradleDaemon 8.0

Host: Intel(R) Celeron(R) N4020 CPU @ 1.10GHz, 2 cores, 3G,  Windows 10 , 64 bit Build 19041 (10.0.19041.3031)
Time: Mon Jun 19 10:42:46 2023 SE Asia Standard Time elapsed time: 190.646018 seconds (0d 0h 3m 10s)

---------------  T H R E A D  ---------------

Current thread (0x0000020ed05cd980):  VMThread "VM Thread" [stack: 0x00000065a3500000,0x00000065a3600000] [id=12036]

Stack: [0x00000065a3500000,0x00000065a3600000]
Native frames: (J=compiled Java code, j=interpreted, Vv=VM code, C=native code)
V  [jvm.dll+0x683b4a]
V  [jvm.dll+0x842654]
V  [jvm.dll+0x843dfe]
V  [jvm.dll+0x844463]
V  [jvm.dll+0x249b75]
V  [jvm.dll+0x680a19]
V  [jvm.dll+0x674f0a]
V  [jvm.dll+0x309acb]
V  [jvm.dll+0x310f86]
V  [jvm.dll+0x3608ee]
V  [jvm.dll+0x360b1f]
V  [jvm.dll+0x2dfbf8]
V  [jvm.dll+0x2e2ce6]
V  [jvm.dll+0x2ed478]
V  [jvm.dll+0x322150]
V  [jvm.dll+0x84893b]
V  [jvm.dll+0x849674]
V  [jvm.dll+0x849b8d]
V  [jvm.dll+0x849f64]
V  [jvm.dll+0x84a030]
V  [jvm.dll+0x7f25fa]
V  [jvm.dll+0x682985]
C  [ucrtbase.dll+0x21bb2]
C  [KERNEL32.DLL+0x17614]
C  [ntdll.dll+0x526f1]

VM_Operation (0x00000065a31ff930): G1Concurrent, mode: safepoint, requested by thread 0x0000020eb75a6dc0


---------------  P R O C E S S  ---------------

Threads class SMR info:
_java_thread_list=0x0000020ed7d80ae0, length=58, elements={
0x0000020eb7538590, 0x0000020ed05b6db0, 0x0000020ed05ce3d0, 0x0000020ed05da850,
0x0000020ed05db310, 0x0000020ed0611010, 0x0000020ed06118d0, 0x0000020ed0612570,
0x0000020ed0617f50, 0x0000020ed1018050, 0x0000020ed1176b20, 0x0000020ed1179000,
0x0000020ed2a8fc70, 0x0000020ed2a79060, 0x0000020ed40a3ac0, 0x0000020ed1365700,
0x0000020ed39fab30, 0x0000020ed23a6030, 0x0000020ed407edd0, 0x0000020ed2b40bd0,
0x0000020ed2b42d80, 0x0000020ed2b41570, 0x0000020ed2b43720, 0x0000020ed2b43bf0,
0x0000020ed2b440c0, 0x0000020ed2b410a0, 0x0000020ed2b40700, 0x0000020ed2b428b0,
0x0000020ed2b41a40, 0x0000020ed2b41f10, 0x0000020ed2b423e0, 0x0000020ed13dcb40,
0x0000020ed13db800, 0x0000020ed13de820, 0x0000020ed13d9ff0, 0x0000020ed13dd9b0,
0x0000020ed13d7e40, 0x0000020ed13dc670, 0x0000020ed13dbcd0, 0x0000020ed13dd010,
0x0000020ed13de350, 0x0000020ed13d8310, 0x0000020ed13d9180, 0x0000020ed13d9650,
0x0000020ed13dd4e0, 0x0000020ed13dde80, 0x0000020ed13decf0, 0x0000020ed13d74a0,
0x0000020ed13da4c0, 0x0000020ed13d7970, 0x0000020ed13da990, 0x0000020ed13dae60,
0x0000020ed2b43250, 0x0000020ed5652e80, 0x0000020ed5651670, 0x0000020ed564eff0,
0x0000020ed564c970, 0x0000020ed564eb20
}

Java Threads: ( => current thread )
  0x0000020eb7538590 JavaThread "main" [_thread_blocked, id=11432, stack(0x00000065a2f00000,0x00000065a3000000)]
  0x0000020ed05b6db0 JavaThread "Reference Handler" daemon [_thread_blocked, id=8232, stack(0x00000065a3600000,0x00000065a3700000)]
  0x0000020ed05ce3d0 JavaThread "Finalizer" daemon [_thread_blocked, id=6380, stack(0x00000065a3700000,0x00000065a3800000)]
  0x0000020ed05da850 JavaThread "Signal Dispatcher" daemon [_thread_blocked, id=13724, stack(0x00000065a3800000,0x00000065a3900000)]
  0x0000020ed05db310 JavaThread "Attach Listener" daemon [_thread_blocked, id=14352, stack(0x00000065a3900000,0x00000065a3a00000)]
  0x0000020ed0611010 JavaThread "Service Thread" daemon [_thread_blocked, id=11876, stack(0x00000065a3a00000,0x00000065a3b00000)]
  0x0000020ed06118d0 JavaThread "Monitor Deflation Thread" daemon [_thread_blocked, id=12968, stack(0x00000065a3b00000,0x00000065a3c00000)]
  0x0000020ed0612570 JavaThread "C2 CompilerThread0" daemon [_thread_blocked, id=11332, stack(0x00000065a3c00000,0x00000065a3d00000)]
  0x0000020ed0617f50 JavaThread "C1 CompilerThread0" daemon [_thread_blocked, id=2988, stack(0x00000065a3d00000,0x00000065a3e00000)]
  0x0000020ed1018050 JavaThread "Sweeper thread" daemon [_thread_blocked, id=3912, stack(0x00000065a3e00000,0x00000065a3f00000)]
  0x0000020ed1176b20 JavaThread "Common-Cleaner" daemon [_thread_blocked, id=14792, stack(0x00000065a3f00000,0x00000065a4000000)]
  0x0000020ed1179000 JavaThread "Notification Thread" daemon [_thread_blocked, id=2384, stack(0x00000065a4000000,0x00000065a4100000)]
  0x0000020ed2a8fc70 JavaThread "Daemon health stats" [_thread_blocked, id=14940, stack(0x00000065a4300000,0x00000065a4400000)]
  0x0000020ed2a79060 JavaThread "Incoming local TCP Connector on port 61125" [_thread_in_native, id=9808, stack(0x00000065a4400000,0x00000065a4500000)]
  0x0000020ed40a3ac0 JavaThread "Daemon periodic checks" [_thread_blocked, id=6980, stack(0x00000065a4500000,0x00000065a4600000)]
  0x0000020ed1365700 JavaThread "Daemon" [_thread_blocked, id=5564, stack(0x00000065a4600000,0x00000065a4700000)]
  0x0000020ed39fab30 JavaThread "Handler for socket connection from /127.0.0.1:61125 to /127.0.0.1:61126" [_thread_in_native, id=14168, stack(0x00000065a4700000,0x00000065a4800000)]
  0x0000020ed23a6030 JavaThread "Cancel handler" [_thread_blocked, id=10272, stack(0x00000065a4800000,0x00000065a4900000)]
  0x0000020ed407edd0 JavaThread "Daemon worker" [_thread_blocked, id=12080, stack(0x00000065a4900000,0x00000065a4a00000)]
  0x0000020ed2b40bd0 JavaThread "Asynchronous log dispatcher for DefaultDaemonConnection: socket connection from /127.0.0.1:61125 to /127.0.0.1:61126" [_thread_blocked, id=14580, stack(0x00000065a4a00000,0x00000065a4b00000)]
  0x0000020ed2b42d80 JavaThread "Daemon client event forwarder" [_thread_blocked, id=5696, stack(0x00000065a4c00000,0x00000065a4d00000)]
  0x0000020ed2b41570 JavaThread "Cache worker for journal cache (C:\Users\bibis\.gradle\caches\journal-1)" [_thread_blocked, id=6920, stack(0x00000065a4d00000,0x00000065a4e00000)]
  0x0000020ed2b43720 JavaThread "File lock request listener" [_thread_in_native, id=8500, stack(0x00000065a4e00000,0x00000065a4f00000)]
  0x0000020ed2b43bf0 JavaThread "Cache worker for file hash cache (C:\Users\bibis\.gradle\caches\8.0\fileHashes)" [_thread_blocked, id=6700, stack(0x00000065a4f00000,0x00000065a5000000)]
  0x0000020ed2b440c0 JavaThread "File watcher server" daemon [_thread_in_native, id=13648, stack(0x00000065a5000000,0x00000065a5100000)]
  0x0000020ed2b410a0 JavaThread "File watcher consumer" daemon [_thread_blocked, id=15300, stack(0x00000065a5100000,0x00000065a5200000)]
  0x0000020ed2b40700 JavaThread "jar transforms" [_thread_blocked, id=13692, stack(0x00000065a5200000,0x00000065a5300000)]
  0x0000020ed2b428b0 JavaThread "jar transforms Thread 2" [_thread_blocked, id=8636, stack(0x00000065a5300000,0x00000065a5400000)]
  0x0000020ed2b41a40 JavaThread "Cache worker for checksums cache (D:\Belajar Android S\latihanInsertData\.gradle\8.0\checksums)" [_thread_blocked, id=6228, stack(0x00000065a5400000,0x00000065a5500000)]
  0x0000020ed2b41f10 JavaThread "Cache worker for cache directory md-rule (C:\Users\bibis\.gradle\caches\8.0\md-rule)" [_thread_blocked, id=12264, stack(0x00000065a5500000,0x00000065a5600000)]
  0x0000020ed2b423e0 JavaThread "Cache worker for file content cache (C:\Users\bibis\.gradle\caches\8.0\fileContent)" [_thread_blocked, id=13740, stack(0x00000065a5600000,0x00000065a5700000)]
  0x0000020ed13dcb40 JavaThread "Cache worker for file hash cache (D:\Belajar Android S\latihanInsertData\.gradle\8.0\fileHashes)" [_thread_blocked, id=12568, stack(0x00000065a5800000,0x00000065a5900000)]
  0x0000020ed13db800 JavaThread "Cache worker for cache directory md-supplier (C:\Users\bibis\.gradle\caches\8.0\md-supplier)" [_thread_blocked, id=10276, stack(0x00000065a5900000,0x00000065a5a00000)]
  0x0000020ed13de820 JavaThread "Cache worker for execution history cache (C:\Users\bibis\.gradle\caches\8.0\executionHistory)" [_thread_blocked, id=13708, stack(0x00000065a2e00000,0x00000065a2f00000)]
  0x0000020ed13d9ff0 JavaThread "Cache worker for dependencies-accessors (D:\Belajar Android S\latihanInsertData\.gradle\8.0\dependencies-accessors)" [_thread_blocked, id=14892, stack(0x00000065a4b00000,0x00000065a4c00000)]
  0x0000020ed13dd9b0 JavaThread "Cache worker for Build Output Cleanup Cache (D:\Belajar Android S\latihanInsertData\.gradle\buildOutputCleanup)" [_thread_blocked, id=12676, stack(0x00000065a5b00000,0x00000065a5c00000)]
  0x0000020ed13d7e40 JavaThread "Unconstrained build operations" [_thread_blocked, id=13024, stack(0x00000065a5c00000,0x00000065a5d00000)]
  0x0000020ed13dc670 JavaThread "Unconstrained build operations Thread 2" [_thread_blocked, id=3720, stack(0x00000065a5d00000,0x00000065a5e00000)]
  0x0000020ed13dbcd0 JavaThread "Unconstrained build operations Thread 3" [_thread_blocked, id=14644, stack(0x00000065a5e00000,0x00000065a5f00000)]
  0x0000020ed13dd010 JavaThread "Unconstrained build operations Thread 4" [_thread_blocked, id=7984, stack(0x00000065a5f00000,0x00000065a6000000)]
  0x0000020ed13de350 JavaThread "Unconstrained build operations Thread 5" [_thread_blocked, id=12040, stack(0x00000065a6000000,0x00000065a6100000)]
  0x0000020ed13d8310 JavaThread "Unconstrained build operations Thread 6" [_thread_blocked, id=9764, stack(0x00000065a6100000,0x00000065a6200000)]
  0x0000020ed13d9180 JavaThread "Unconstrained build operations Thread 7" [_thread_blocked, id=11684, stack(0x00000065a6200000,0x00000065a6300000)]
  0x0000020ed13d9650 JavaThread "Unconstrained build operations Thread 8" [_thread_blocked, id=9444, stack(0x00000065a6300000,0x00000065a6400000)]
  0x0000020ed13dd4e0 JavaThread "Unconstrained build operations Thread 9" [_thread_blocked, id=6828, stack(0x00000065a6400000,0x00000065a6500000)]
  0x0000020ed13dde80 JavaThread "Unconstrained build operations Thread 10" [_thread_blocked, id=9608, stack(0x00000065a6500000,0x00000065a6600000)]
  0x0000020ed13decf0 JavaThread "Unconstrained build operations Thread 11" [_thread_blocked, id=1412, stack(0x00000065a6600000,0x00000065a6700000)]
  0x0000020ed13d74a0 JavaThread "Unconstrained build operations Thread 12" [_thread_blocked, id=3828, stack(0x00000065a6700000,0x00000065a6800000)]
  0x0000020ed13da4c0 JavaThread "Unconstrained build operations Thread 13" [_thread_blocked, id=11864, stack(0x00000065a6800000,0x00000065a6900000)]
  0x0000020ed13d7970 JavaThread "Unconstrained build operations Thread 14" [_thread_blocked, id=15168, stack(0x00000065a6900000,0x00000065a6a00000)]
  0x0000020ed13da990 JavaThread "Unconstrained build operations Thread 15" [_thread_blocked, id=11484, stack(0x00000065a6a00000,0x00000065a6b00000)]
  0x0000020ed13dae60 JavaThread "Unconstrained build operations Thread 16" [_thread_blocked, id=3508, stack(0x00000065a6b00000,0x00000065a6c00000)]
  0x0000020ed2b43250 JavaThread "Unconstrained build operations Thread 17" [_thread_blocked, id=11608, stack(0x00000065a6c00000,0x00000065a6d00000)]
  0x0000020ed5652e80 JavaThread "Unconstrained build operations Thread 18" [_thread_blocked, id=10108, stack(0x00000065a6d00000,0x00000065a6e00000)]
  0x0000020ed5651670 JavaThread "Unconstrained build operations Thread 19" [_thread_blocked, id=12736, stack(0x00000065a6e00000,0x00000065a6f00000)]
  0x0000020ed564eff0 JavaThread "Unconstrained build operations Thread 20" [_thread_blocked, id=8856, stack(0x00000065a6f00000,0x00000065a7000000)]
  0x0000020ed564c970 JavaThread "Memory manager" [_thread_blocked, id=14904, stack(0x00000065a7000000,0x00000065a7100000)]
  0x0000020ed564eb20 JavaThread "pool-3-thread-1" [_thread_blocked, id=12272, stack(0x00000065a5700000,0x00000065a5800000)]

Other Threads:
=>0x0000020ed05cd980 VMThread "VM Thread" [stack: 0x00000065a3500000,0x00000065a3600000] [id=12036]
  0x0000020ed11747f0 WatcherThread [stack: 0x00000065a4100000,0x00000065a4200000] [id=316]
  0x0000020eb7594f60 GCTaskThread "GC Thread#0" [stack: 0x00000065a3000000,0x00000065a3100000] [id=6888]
  0x0000020ed1243820 GCTaskThread "GC Thread#1" [stack: 0x00000065a4200000,0x00000065a4300000] [id=6516]
  0x0000020eb75a6dc0 ConcurrentGCThread "G1 Main Marker" [stack: 0x00000065a3100000,0x00000065a3200000] [id=12860]
  0x0000020eb75a76e0 ConcurrentGCThread "G1 Conc#0" [stack: 0x00000065a3200000,0x00000065a3300000] [id=13348]
  0x0000020eb75d97c0 ConcurrentGCThread "G1 Refine#0" [stack: 0x00000065a3300000,0x00000065a3400000] [id=1848]
  0x0000020eb75db100 ConcurrentGCThread "G1 Service" [stack: 0x00000065a3400000,0x00000065a3500000] [id=1972]

Threads with active compile tasks:

VM state: at safepoint (normal execution)

VM Mutex/Monitor currently owned by a thread:  ([mutex/lock_event])
[0x0000020eb7533280] Threads_lock - owner thread: 0x0000020ed05cd980
[0x0000020eb7533940] Heap_lock - owner thread: 0x0000020eb75a6dc0

Heap address: 0x0000000080000000, size: 2048 MB, Compressed Oops mode: 32-bit

CDS archive(s) not mapped
Compressed class space mapped at: 0x0000000100000000-0x0000000140000000, reserved size: 1073741824
Narrow klass base: 0x0000000000000000, Narrow klass shift: 3, Narrow klass range: 0x140000000

GC Precious Log:
 CPUs: 2 total, 2 available
 Memory: 3736M
 Large Page Support: Disabled
 NUMA Support: Disabled
 Compressed Oops: Enabled (32-bit)
 Heap Region Size: 1M
 Heap Min Capacity: 8M
 Heap Initial Capacity: 60M
 Heap Max Capacity: 2G
 Pre-touch: Disabled
 Parallel Workers: 2
 Concurrent Workers: 1
 Concurrent Refinement Workers: 2
 Periodic GC: Disabled

Heap:
 garbage-first heap   total 181248K, used 125867K [0x0000000080000000, 0x0000000100000000)
  region size 1024K, 2 young (2048K), 1 survivors (1024K)
 Metaspace       used 80758K, committed 81472K, reserved 1122304K
  class space    used 10762K, committed 11072K, reserved 1048576K

Heap Regions: E=young(eden), S=young(survivor), O=old, HS=humongous(starts), HC=humongous(continues), CS=collection set, F=free, OA=open archive, CA=closed archive, TAMS=top-at-mark-start (previous, next)
|   0|0x0000000080000000, 0x0000000080100000, 0x0000000080100000|100%| O|  |TAMS 0x0000000080100000, 0x0000000080000000| Untracked 
|   1|0x0000000080100000, 0x0000000080200000, 0x0000000080200000|100%| O|  |TAMS 0x0000000080200000, 0x0000000080100000| Untracked 
|   2|0x0000000080200000, 0x0000000080300000, 0x0000000080300000|100%| O|  |TAMS 0x0000000080300000, 0x0000000080200000| Untracked 
|   3|0x0000000080300000, 0x0000000080400000, 0x0000000080400000|100%|HS|  |TAMS 0x0000000080400000, 0x0000000080300000| Complete 
|   4|0x0000000080400000, 0x0000000080500000, 0x0000000080500000|100%|HC|  |TAMS 0x0000000080500000, 0x0000000080400000| Complete 
|   5|0x0000000080500000, 0x0000000080600000, 0x0000000080600000|100%|HC|  |TAMS 0x0000000080600000, 0x0000000080500000| Complete 
|   6|0x0000000080600000, 0x0000000080700000, 0x0000000080700000|100%|HC|  |TAMS 0x0000000080700000, 0x0000000080600000| Complete 
|   7|0x0000000080700000, 0x0000000080800000, 0x0000000080800000|100%| O|  |TAMS 0x0000000080800000, 0x0000000080700000| Untracked 
|   8|0x0000000080800000, 0x0000000080900000, 0x0000000080900000|100%| O|  |TAMS 0x0000000080900000, 0x0000000080800000| Untracked 
|   9|0x0000000080900000, 0x0000000080a00000, 0x0000000080a00000|100%| O|  |TAMS 0x0000000080a00000, 0x0000000080900000| Untracked 
|  10|0x0000000080a00000, 0x0000000080b00000, 0x0000000080b00000|100%| O|  |TAMS 0x0000000080b00000, 0x0000000080a00000| Untracked 
|  11|0x0000000080b00000, 0x0000000080c00000, 0x0000000080c00000|100%| O|  |TAMS 0x0000000080c00000, 0x0000000080b00000| Untracked 
|  12|0x0000000080c00000, 0x0000000080d00000, 0x0000000080d00000|100%| O|  |TAMS 0x0000000080d00000, 0x0000000080c00000| Untracked 
|  13|0x0000000080d00000, 0x0000000080e00000, 0x0000000080e00000|100%| O|  |TAMS 0x0000000080e00000, 0x0000000080d00000| Untracked 
|  14|0x0000000080e00000, 0x0000000080f00000, 0x0000000080f00000|100%| O|  |TAMS 0x0000000080f00000, 0x0000000080e00000| Untracked 
|  15|0x0000000080f00000, 0x0000000081000000, 0x0000000081000000|100%| O|  |TAMS 0x0000000081000000, 0x0000000080f00000| Untracked 
|  16|0x0000000081000000, 0x0000000081100000, 0x0000000081100000|100%| O|  |TAMS 0x0000000081100000, 0x0000000081000000| Untracked 
|  17|0x0000000081100000, 0x0000000081200000, 0x0000000081200000|100%| O|  |TAMS 0x0000000081200000, 0x0000000081100000| Untracked 
|  18|0x0000000081200000, 0x0000000081300000, 0x0000000081300000|100%|HS|  |TAMS 0x0000000081300000, 0x0000000081200000| Complete 
|  19|0x0000000081300000, 0x0000000081400000, 0x0000000081400000|100%|HC|  |TAMS 0x0000000081400000, 0x0000000081300000| Complete 
|  20|0x0000000081400000, 0x0000000081500000, 0x0000000081500000|100%|HS|  |TAMS 0x0000000081500000, 0x0000000081400000| Complete 
|  21|0x0000000081500000, 0x0000000081600000, 0x0000000081600000|100%|HC|  |TAMS 0x0000000081600000, 0x0000000081500000| Complete 
|  22|0x0000000081600000, 0x0000000081700000, 0x0000000081700000|100%|HC|  |TAMS 0x0000000081700000, 0x0000000081600000| Complete 
|  23|0x0000000081700000, 0x0000000081800000, 0x0000000081800000|100%|HS|  |TAMS 0x0000000081800000, 0x0000000081700000| Complete 
|  24|0x0000000081800000, 0x0000000081900000, 0x0000000081900000|100%|HC|  |TAMS 0x0000000081900000, 0x0000000081800000| Complete 
|  25|0x0000000081900000, 0x0000000081a00000, 0x0000000081a00000|100%|HC|  |TAMS 0x0000000081a00000, 0x0000000081900000| Complete 
|  26|0x0000000081a00000, 0x0000000081b00000, 0x0000000081b00000|100%| O|  |TAMS 0x0000000081b00000, 0x0000000081a00000| Untracked 
|  27|0x0000000081b00000, 0x0000000081c00000, 0x0000000081c00000|100%| O|  |TAMS 0x0000000081c00000, 0x0000000081b00000| Untracked 
|  28|0x0000000081c00000, 0x0000000081d00000, 0x0000000081d00000|100%|HS|  |TAMS 0x0000000081d00000, 0x0000000081c00000| Complete 
|  29|0x0000000081d00000, 0x0000000081e00000, 0x0000000081e00000|100%|HC|  |TAMS 0x0000000081e00000, 0x0000000081d00000| Complete 
|  30|0x0000000081e00000, 0x0000000081f00000, 0x0000000081f00000|100%|HS|  |TAMS 0x0000000081f00000, 0x0000000081e00000| Complete 
|  31|0x0000000081f00000, 0x0000000082000000, 0x0000000082000000|100%|HC|  |TAMS 0x0000000082000000, 0x0000000081f00000| Complete 
|  32|0x0000000082000000, 0x0000000082100000, 0x0000000082100000|100%|HC|  |TAMS 0x0000000082100000, 0x0000000082000000| Complete 
|  33|0x0000000082100000, 0x0000000082200000, 0x0000000082200000|100%|HC|  |TAMS 0x0000000082200000, 0x0000000082100000| Complete 
|  34|0x0000000082200000, 0x0000000082300000, 0x0000000082300000|100%|HC|  |TAMS 0x0000000082300000, 0x0000000082200000| Complete 
|  35|0x0000000082300000, 0x0000000082400000, 0x0000000082400000|100%|HC|  |TAMS 0x0000000082400000, 0x0000000082300000| Complete 
|  36|0x0000000082400000, 0x0000000082500000, 0x0000000082500000|100%|HS|  |TAMS 0x0000000082500000, 0x0000000082400000| Complete 
|  37|0x0000000082500000, 0x0000000082600000, 0x0000000082600000|100%| O|  |TAMS 0x0000000082600000, 0x0000000082500000| Untracked 
|  38|0x0000000082600000, 0x0000000082700000, 0x0000000082700000|100%| O|  |TAMS 0x0000000082700000, 0x0000000082600000| Updating 
|  39|0x0000000082700000, 0x0000000082800000, 0x0000000082800000|100%|HS|  |TAMS 0x0000000082800000, 0x0000000082700000| Complete 
|  40|0x0000000082800000, 0x0000000082900000, 0x0000000082900000|100%| O|  |TAMS 0x0000000082900000, 0x0000000082800000| Untracked 
|  41|0x0000000082900000, 0x0000000082a00000, 0x0000000082a00000|100%| O|  |TAMS 0x0000000082a00000, 0x0000000082900000| Updating 
|  42|0x0000000082a00000, 0x0000000082b00000, 0x0000000082b00000|100%| O|  |TAMS 0x0000000082b00000, 0x0000000082a00000| Updating 
|  43|0x0000000082b00000, 0x0000000082c00000, 0x0000000082c00000|100%| O|  |TAMS 0x0000000082c00000, 0x0000000082b00000| Untracked 
|  44|0x0000000082c00000, 0x0000000082d00000, 0x0000000082d00000|100%| O|  |TAMS 0x0000000082d00000, 0x0000000082c00000| Untracked 
|  45|0x0000000082d00000, 0x0000000082e00000, 0x0000000082e00000|100%| O|  |TAMS 0x0000000082e00000, 0x0000000082d00000| Updating 
|  46|0x0000000082e00000, 0x0000000082f00000, 0x0000000082f00000|100%| O|  |TAMS 0x0000000082f00000, 0x0000000082e00000| Updating 
|  47|0x0000000082f00000, 0x0000000083000000, 0x0000000083000000|100%| O|  |TAMS 0x0000000082fc7400, 0x0000000082f00000| Untracked 
|  48|0x0000000083000000, 0x0000000083100000, 0x0000000083100000|100%| O|  |TAMS 0x0000000083100000, 0x0000000083000000| Untracked 
|  49|0x0000000083100000, 0x00000000831ffff8, 0x0000000083200000| 99%| O|  |TAMS 0x00000000831ffff8, 0x0000000083100000| Updating 
|  50|0x0000000083200000, 0x0000000083300000, 0x0000000083300000|100%|HS|  |TAMS 0x0000000083300000, 0x0000000083200000| Complete 
|  51|0x0000000083300000, 0x0000000083400000, 0x0000000083400000|100%|HC|  |TAMS 0x0000000083400000, 0x0000000083300000| Complete 
|  52|0x0000000083400000, 0x0000000083500000, 0x0000000083500000|100%|HC|  |TAMS 0x0000000083500000, 0x0000000083400000| Complete 
|  53|0x0000000083500000, 0x0000000083600000, 0x0000000083600000|100%|HC|  |TAMS 0x0000000083600000, 0x0000000083500000| Complete 
|  54|0x0000000083600000, 0x0000000083700000, 0x0000000083700000|100%|HC|  |TAMS 0x0000000083700000, 0x0000000083600000| Complete 
|  55|0x0000000083700000, 0x0000000083800000, 0x0000000083800000|100%|HC|  |TAMS 0x0000000083800000, 0x0000000083700000| Complete 
|  56|0x0000000083800000, 0x0000000083900000, 0x0000000083900000|100%|HC|  |TAMS 0x0000000083900000, 0x0000000083800000| Complete 
|  57|0x0000000083900000, 0x0000000083a00000, 0x0000000083a00000|100%|HC|  |TAMS 0x0000000083a00000, 0x0000000083900000| Complete 
|  58|0x0000000083a00000, 0x0000000083b00000, 0x0000000083b00000|100%|HC|  |TAMS 0x0000000083b00000, 0x0000000083a00000| Complete 
|  59|0x0000000083b00000, 0x0000000083c00000, 0x0000000083c00000|100%|HC|  |TAMS 0x0000000083c00000, 0x0000000083b00000| Complete 
|  60|0x0000000083c00000, 0x0000000083d00000, 0x0000000083d00000|100%|HC|  |TAMS 0x0000000083d00000, 0x0000000083c00000| Complete 
|  61|0x0000000083d00000, 0x0000000083e00000, 0x0000000083e00000|100%|HS|  |TAMS 0x0000000083e00000, 0x0000000083d00000| Complete 
|  62|0x0000000083e00000, 0x0000000083f00000, 0x0000000083f00000|100%|HC|  |TAMS 0x0000000083f00000, 0x0000000083e00000| Complete 
|  63|0x0000000083f00000, 0x0000000084000000, 0x0000000084000000|100%|HS|  |TAMS 0x0000000084000000, 0x0000000083f00000| Complete 
|  64|0x0000000084000000, 0x0000000084100000, 0x0000000084100000|100%|HC|  |TAMS 0x0000000084100000, 0x0000000084000000| Complete 
|  65|0x0000000084100000, 0x0000000084200000, 0x0000000084200000|100%|HC|  |TAMS 0x0000000084200000, 0x0000000084100000| Complete 
|  66|0x0000000084200000, 0x0000000084300000, 0x0000000084300000|100%|HS|  |TAMS 0x0000000084300000, 0x0000000084200000| Complete 
|  67|0x0000000084300000, 0x0000000084400000, 0x0000000084400000|100%|HC|  |TAMS 0x0000000084400000, 0x0000000084300000| Complete 
|  68|0x0000000084400000, 0x0000000084500000, 0x0000000084500000|100%|HS|  |TAMS 0x0000000084500000, 0x0000000084400000| Complete 
|  69|0x0000000084500000, 0x0000000084600000, 0x0000000084600000|100%|HC|  |TAMS 0x0000000084600000, 0x0000000084500000| Complete 
|  70|0x0000000084600000, 0x0000000084700000, 0x0000000084700000|100%|HC|  |TAMS 0x0000000084700000, 0x0000000084600000| Complete 
|  71|0x0000000084700000, 0x0000000084800000, 0x0000000084800000|100%| O|  |TAMS 0x0000000084800000, 0x0000000084700000| Untracked 
|  72|0x0000000084800000, 0x0000000084900000, 0x0000000084900000|100%| O|  |TAMS 0x0000000084900000, 0x0000000084800000| Untracked 
|  73|0x0000000084900000, 0x0000000084a00000, 0x0000000084a00000|100%| O|  |TAMS 0x0000000084a00000, 0x0000000084900000| Untracked 
|  74|0x0000000084a00000, 0x0000000084b00000, 0x0000000084b00000|100%| O|  |TAMS 0x0000000084b00000, 0x0000000084a00000| Untracked 
|  75|0x0000000084b00000, 0x0000000084c00000, 0x0000000084c00000|100%| O|  |TAMS 0x0000000084c00000, 0x0000000084b00000| Updating 
|  76|0x0000000084c00000, 0x0000000084d00000, 0x0000000084d00000|100%| O|  |TAMS 0x0000000084d00000, 0x0000000084c00000| Untracked 
|  77|0x0000000084d00000, 0x0000000084e00000, 0x0000000084e00000|100%| O|  |TAMS 0x0000000084e00000, 0x0000000084d00000| Untracked 
|  78|0x0000000084e00000, 0x0000000084f00000, 0x0000000084f00000|100%|HS|  |TAMS 0x0000000084f00000, 0x0000000084e00000| Complete 
|  79|0x0000000084f00000, 0x0000000085000000, 0x0000000085000000|100%|HC|  |TAMS 0x0000000085000000, 0x0000000084f00000| Complete 
|  80|0x0000000085000000, 0x0000000085100000, 0x0000000085100000|100%|HC|  |TAMS 0x0000000085100000, 0x0000000085000000| Complete 
|  81|0x0000000085100000, 0x0000000085200000, 0x0000000085200000|100%|HC|  |TAMS 0x0000000085200000, 0x0000000085100000| Complete 
|  82|0x0000000085200000, 0x0000000085300000, 0x0000000085300000|100%|HC|  |TAMS 0x0000000085300000, 0x0000000085200000| Complete 
|  83|0x0000000085300000, 0x0000000085400000, 0x0000000085400000|100%|HC|  |TAMS 0x0000000085400000, 0x0000000085300000| Complete 
|  84|0x0000000085400000, 0x0000000085500000, 0x0000000085500000|100%|HS|  |TAMS 0x0000000085500000, 0x0000000085400000| Complete 
|  85|0x0000000085500000, 0x0000000085600000, 0x0000000085600000|100%| O|  |TAMS 0x0000000085600000, 0x0000000085500000| Untracked 
|  86|0x0000000085600000, 0x0000000085700000, 0x0000000085700000|100%| O|  |TAMS 0x0000000085700000, 0x0000000085600000| Untracked 
|  87|0x0000000085700000, 0x0000000085800000, 0x0000000085800000|100%|HS|  |TAMS 0x0000000085800000, 0x0000000085700000| Complete 
|  88|0x0000000085800000, 0x0000000085900000, 0x0000000085900000|100%| O|  |TAMS 0x0000000085900000, 0x0000000085800000| Untracked 
|  89|0x0000000085900000, 0x0000000085a00000, 0x0000000085a00000|100%| O|  |TAMS 0x0000000085a00000, 0x0000000085900000| Untracked 
|  90|0x0000000085a00000, 0x0000000085b00000, 0x0000000085b00000|100%| O|  |TAMS 0x0000000085b00000, 0x0000000085a00000| Untracked 
|  91|0x0000000085b00000, 0x0000000085c00000, 0x0000000085c00000|100%| O|  |TAMS 0x0000000085c00000, 0x0000000085b00000| Untracked 
|  92|0x0000000085c00000, 0x0000000085d00000, 0x0000000085d00000|100%| O|  |TAMS 0x0000000085d00000, 0x0000000085c00000| Untracked 
|  93|0x0000000085d00000, 0x0000000085e00000, 0x0000000085e00000|100%| O|  |TAMS 0x0000000085e00000, 0x0000000085d00000| Updating 
|  94|0x0000000085e00000, 0x0000000085f00000, 0x0000000085f00000|100%| O|  |TAMS 0x0000000085f00000, 0x0000000085e00000| Untracked 
|  95|0x0000000085f00000, 0x0000000086000000, 0x0000000086000000|100%| O|  |TAMS 0x0000000086000000, 0x0000000085f00000| Updating 
|  96|0x0000000086000000, 0x0000000086100000, 0x0000000086100000|100%| O|  |TAMS 0x0000000086100000, 0x0000000086000000| Untracked 
|  97|0x0000000086100000, 0x0000000086200000, 0x0000000086200000|100%| O|  |TAMS 0x0000000086200000, 0x0000000086100000| Untracked 
|  98|0x0000000086200000, 0x0000000086300000, 0x0000000086300000|100%| O|  |TAMS 0x0000000086300000, 0x0000000086200000| Untracked 
|  99|0x0000000086300000, 0x0000000086400000, 0x0000000086400000|100%| O|  |TAMS 0x0000000086400000, 0x0000000086300000| Untracked 
| 100|0x0000000086400000, 0x0000000086500000, 0x0000000086500000|100%| O|  |TAMS 0x0000000086500000, 0x0000000086400000| Untracked 
| 101|0x0000000086500000, 0x0000000086600000, 0x0000000086600000|100%| O|  |TAMS 0x0000000086600000, 0x0000000086500000| Untracked 
| 102|0x0000000086600000, 0x0000000086700000, 0x0000000086700000|100%| O|  |TAMS 0x0000000086700000, 0x0000000086600000| Untracked 
| 103|0x0000000086700000, 0x0000000086800000, 0x0000000086800000|100%| O|  |TAMS 0x0000000086800000, 0x0000000086700000| Untracked 
| 104|0x0000000086800000, 0x0000000086900000, 0x0000000086900000|100%| O|  |TAMS 0x0000000086900000, 0x0000000086800000| Untracked 
| 105|0x0000000086900000, 0x0000000086a00000, 0x0000000086a00000|100%| O|  |TAMS 0x0000000086a00000, 0x0000000086900000| Updating 
| 106|0x0000000086a00000, 0x0000000086b00000, 0x0000000086b00000|100%| O|  |TAMS 0x0000000086a00000, 0x0000000086a00000| Untracked 
| 107|0x0000000086b00000, 0x0000000086c00000, 0x0000000086c00000|100%| O|  |TAMS 0x0000000086b00000, 0x0000000086b00000| Untracked 
| 108|0x0000000086c00000, 0x0000000086d00000, 0x0000000086d00000|100%| O|  |TAMS 0x0000000086c00000, 0x0000000086c00000| Untracked 
| 109|0x0000000086d00000, 0x0000000086e00000, 0x0000000086e00000|100%| O|  |TAMS 0x0000000086d00000, 0x0000000086d00000| Untracked 
| 110|0x0000000086e00000, 0x0000000086f00000, 0x0000000086f00000|100%| O|  |TAMS 0x0000000086e00000, 0x0000000086e00000| Untracked 
| 111|0x0000000086f00000, 0x0000000086feb000, 0x0000000087000000| 91%| O|  |TAMS 0x0000000086f00000, 0x0000000086f00000| Untracked 
| 112|0x0000000087000000, 0x0000000087100000, 0x0000000087100000|100%|HS|  |TAMS 0x0000000087000000, 0x0000000087000000| Complete 
| 113|0x0000000087100000, 0x0000000087200000, 0x0000000087200000|100%|HC|  |TAMS 0x0000000087100000, 0x0000000087100000| Complete 
| 114|0x0000000087200000, 0x0000000087300000, 0x0000000087300000|100%|HC|  |TAMS 0x0000000087200000, 0x0000000087200000| Complete 
| 115|0x0000000087300000, 0x0000000087400000, 0x0000000087400000|100%|HC|  |TAMS 0x0000000087300000, 0x0000000087300000| Complete 
| 116|0x0000000087400000, 0x0000000087500000, 0x0000000087500000|100%|HC|  |TAMS 0x0000000087400000, 0x0000000087400000| Complete 
| 117|0x0000000087500000, 0x0000000087600000, 0x0000000087600000|100%|HC|  |TAMS 0x0000000087500000, 0x0000000087500000| Complete 
| 118|0x0000000087600000, 0x0000000087700000, 0x0000000087700000|100%|HC|  |TAMS 0x0000000087600000, 0x0000000087600000| Complete 
| 119|0x0000000087700000, 0x0000000087800000, 0x0000000087800000|100%|HC|  |TAMS 0x0000000087700000, 0x0000000087700000| Complete 
| 120|0x0000000087800000, 0x0000000087900000, 0x0000000087900000|100%|HC|  |TAMS 0x0000000087800000, 0x0000000087800000| Complete 
| 121|0x0000000087900000, 0x0000000087a00000, 0x0000000087a00000|100%|HC|  |TAMS 0x0000000087900000, 0x0000000087900000| Complete 
| 122|0x0000000087a00000, 0x0000000087a00000, 0x0000000087b00000|  0%| F|  |TAMS 0x0000000087a00000, 0x0000000087a00000| Untracked 
| 123|0x0000000087b00000, 0x0000000087b00000, 0x0000000087c00000|  0%| F|  |TAMS 0x0000000087b00000, 0x0000000087b00000| Untracked 
| 124|0x0000000087c00000, 0x0000000087c00000, 0x0000000087d00000|  0%| F|  |TAMS 0x0000000087c00000, 0x0000000087c00000| Untracked 
| 125|0x0000000087d00000, 0x0000000087d00000, 0x0000000087e00000|  0%| F|  |TAMS 0x0000000087d00000, 0x0000000087d00000| Untracked 
| 126|0x0000000087e00000, 0x0000000087e00000, 0x0000000087f00000|  0%| F|  |TAMS 0x0000000087e00000, 0x0000000087e00000| Untracked 
| 127|0x0000000087f00000, 0x0000000087f00000, 0x0000000088000000|  0%| F|  |TAMS 0x0000000087f00000, 0x0000000087f00000| Untracked 
| 128|0x0000000088000000, 0x0000000088000000, 0x0000000088100000|  0%| F|  |TAMS 0x0000000088000000, 0x0000000088000000| Untracked 
| 129|0x0000000088100000, 0x0000000088100000, 0x0000000088200000|  0%| F|  |TAMS 0x0000000088100000, 0x0000000088100000| Untracked 
| 130|0x0000000088200000, 0x0000000088200000, 0x0000000088300000|  0%| F|  |TAMS 0x0000000088200000, 0x0000000088200000| Untracked 
| 131|0x0000000088300000, 0x0000000088300000, 0x0000000088400000|  0%| F|  |TAMS 0x0000000088300000, 0x0000000088300000| Untracked 
| 132|0x0000000088400000, 0x0000000088400000, 0x0000000088500000|  0%| F|  |TAMS 0x0000000088400000, 0x0000000088400000| Untracked 
| 133|0x0000000088500000, 0x0000000088500000, 0x0000000088600000|  0%| F|  |TAMS 0x0000000088500000, 0x0000000088500000| Untracked 
| 134|0x0000000088600000, 0x0000000088600000, 0x0000000088700000|  0%| F|  |TAMS 0x0000000088600000, 0x0000000088600000| Untracked 
| 135|0x0000000088700000, 0x0000000088700000, 0x0000000088800000|  0%| F|  |TAMS 0x0000000088700000, 0x0000000088700000| Untracked 
| 136|0x0000000088800000, 0x0000000088800000, 0x0000000088900000|  0%| F|  |TAMS 0x0000000088800000, 0x0000000088800000| Untracked 
| 137|0x0000000088900000, 0x0000000088900000, 0x0000000088a00000|  0%| F|  |TAMS 0x0000000088900000, 0x0000000088900000| Untracked 
| 138|0x0000000088a00000, 0x0000000088a00000, 0x0000000088b00000|  0%| F|  |TAMS 0x0000000088a00000, 0x0000000088a00000| Untracked 
| 139|0x0000000088b00000, 0x0000000088b00000, 0x0000000088c00000|  0%| F|  |TAMS 0x0000000088b00000, 0x0000000088b00000| Untracked 
| 140|0x0000000088c00000, 0x0000000088c00000, 0x0000000088d00000|  0%| F|  |TAMS 0x0000000088c00000, 0x0000000088c00000| Untracked 
| 141|0x0000000088d00000, 0x0000000088d00000, 0x0000000088e00000|  0%| F|  |TAMS 0x0000000088d00000, 0x0000000088d00000| Untracked 
| 142|0x0000000088e00000, 0x0000000088e00000, 0x0000000088f00000|  0%| F|  |TAMS 0x0000000088e00000, 0x0000000088e00000| Untracked 
| 143|0x0000000088f00000, 0x0000000088f00000, 0x0000000089000000|  0%| F|  |TAMS 0x0000000088f00000, 0x0000000088f00000| Untracked 
| 144|0x0000000089000000, 0x0000000089000000, 0x0000000089100000|  0%| F|  |TAMS 0x0000000089000000, 0x0000000089000000| Untracked 
| 145|0x0000000089100000, 0x0000000089100000, 0x0000000089200000|  0%| F|  |TAMS 0x0000000089100000, 0x0000000089100000| Untracked 
| 146|0x0000000089200000, 0x0000000089200000, 0x0000000089300000|  0%| F|  |TAMS 0x0000000089200000, 0x0000000089200000| Untracked 
| 147|0x0000000089300000, 0x0000000089300000, 0x0000000089400000|  0%| F|  |TAMS 0x0000000089300000, 0x0000000089300000| Untracked 
| 148|0x0000000089400000, 0x0000000089400000, 0x0000000089500000|  0%| F|  |TAMS 0x0000000089400000, 0x0000000089400000| Untracked 
| 149|0x0000000089500000, 0x0000000089500000, 0x0000000089600000|  0%| F|  |TAMS 0x0000000089500000, 0x0000000089500000| Untracked 
| 150|0x0000000089600000, 0x0000000089600000, 0x0000000089700000|  0%| F|  |TAMS 0x0000000089600000, 0x0000000089600000| Untracked 
| 151|0x0000000089700000, 0x0000000089700000, 0x0000000089800000|  0%| F|  |TAMS 0x0000000089700000, 0x0000000089700000| Untracked 
| 152|0x0000000089800000, 0x0000000089800000, 0x0000000089900000|  0%| F|  |TAMS 0x0000000089800000, 0x0000000089800000| Untracked 
| 153|0x0000000089900000, 0x0000000089900000, 0x0000000089a00000|  0%| F|  |TAMS 0x0000000089900000, 0x0000000089900000| Untracked 
| 154|0x0000000089a00000, 0x0000000089a00000, 0x0000000089b00000|  0%| F|  |TAMS 0x0000000089a00000, 0x0000000089a00000| Untracked 
| 155|0x0000000089b00000, 0x0000000089b00000, 0x0000000089c00000|  0%| F|  |TAMS 0x0000000089b00000, 0x0000000089b00000| Untracked 
| 156|0x0000000089c00000, 0x0000000089c00000, 0x0000000089d00000|  0%| F|  |TAMS 0x0000000089c00000, 0x0000000089c00000| Untracked 
| 157|0x0000000089d00000, 0x0000000089d00000, 0x0000000089e00000|  0%| F|  |TAMS 0x0000000089d00000, 0x0000000089d00000| Untracked 
| 158|0x0000000089e00000, 0x0000000089e00000, 0x0000000089f00000|  0%| F|  |TAMS 0x0000000089e00000, 0x0000000089e00000| Untracked 
| 159|0x0000000089f00000, 0x0000000089f00000, 0x000000008a000000|  0%| F|  |TAMS 0x0000000089f00000, 0x0000000089f00000| Untracked 
| 160|0x000000008a000000, 0x000000008a000000, 0x000000008a100000|  0%| F|  |TAMS 0x000000008a000000, 0x000000008a000000| Untracked 
| 161|0x000000008a100000, 0x000000008a100000, 0x000000008a200000|  0%| F|  |TAMS 0x000000008a100000, 0x000000008a100000| Untracked 
| 162|0x000000008a200000, 0x000000008a200000, 0x000000008a300000|  0%| F|  |TAMS 0x000000008a200000, 0x000000008a200000| Untracked 
| 163|0x000000008a300000, 0x000000008a300000, 0x000000008a400000|  0%| F|  |TAMS 0x000000008a300000, 0x000000008a300000| Untracked 
| 164|0x000000008a400000, 0x000000008a400000, 0x000000008a500000|  0%| F|  |TAMS 0x000000008a400000, 0x000000008a400000| Untracked 
| 165|0x000000008a500000, 0x000000008a500000, 0x000000008a600000|  0%| F|  |TAMS 0x000000008a500000, 0x000000008a500000| Untracked 
| 166|0x000000008a600000, 0x000000008a600000, 0x000000008a700000|  0%| F|  |TAMS 0x000000008a600000, 0x000000008a600000| Untracked 
| 167|0x000000008a700000, 0x000000008a700000, 0x000000008a800000|  0%| F|  |TAMS 0x000000008a700000, 0x000000008a700000| Untracked 
| 168|0x000000008a800000, 0x000000008a800000, 0x000000008a900000|  0%| F|  |TAMS 0x000000008a800000, 0x000000008a800000| Untracked 
| 169|0x000000008a900000, 0x000000008a900000, 0x000000008aa00000|  0%| F|  |TAMS 0x000000008a900000, 0x000000008a900000| Untracked 
| 170|0x000000008aa00000, 0x000000008ab00000, 0x000000008ab00000|100%| S|CS|TAMS 0x000000008aa00000, 0x000000008aa00000| Complete 
| 171|0x000000008ab00000, 0x000000008ab00000, 0x000000008ac00000|  0%| F|  |TAMS 0x000000008ab00000, 0x000000008ab00000| Untracked 
| 172|0x000000008ac00000, 0x000000008ac00000, 0x000000008ad00000|  0%| F|  |TAMS 0x000000008ac00000, 0x000000008ac00000| Untracked 
| 173|0x000000008ad00000, 0x000000008ad00000, 0x000000008ae00000|  0%| F|  |TAMS 0x000000008ad00000, 0x000000008ad00000| Untracked 
| 174|0x000000008ae00000, 0x000000008ae00000, 0x000000008af00000|  0%| F|  |TAMS 0x000000008ae00000, 0x000000008ae00000| Untracked 
| 175|0x000000008af00000, 0x000000008af00000, 0x000000008b000000|  0%| F|  |TAMS 0x000000008af00000, 0x000000008af00000| Untracked 
| 176|0x000000008b000000, 0x000000008b0048c8, 0x000000008b100000|  1%| E|  |TAMS 0x000000008b000000, 0x000000008b000000| Complete 

Card table byte_map: [0x0000020ec9a10000,0x0000020ec9e10000] _byte_map_base: 0x0000020ec9610000

Marking Bits (Prev, Next): (CMBitMap*) 0x0000020eb75964d0, (CMBitMap*) 0x0000020eb7596490
 Prev Bits: [0x0000020ecc210000, 0x0000020ece210000)
 Next Bits: [0x0000020eca210000, 0x0000020ecc210000)

Polling page: 0x0000020eb5310000

Metaspace:

Usage:
  Non-class:     68.36 MB used.
      Class:     10.51 MB used.
       Both:     78.87 MB used.

Virtual space:
  Non-class space:       72.00 MB reserved,      68.75 MB ( 95%) committed,  9 nodes.
      Class space:        1.00 GB reserved,      10.81 MB (  1%) committed,  1 nodes.
             Both:        1.07 GB reserved,      79.56 MB (  7%) committed. 

Chunk freelists:
   Non-Class:  3.11 MB
       Class:  1.17 MB
        Both:  4.28 MB

MaxMetaspaceSize: unlimited
CompressedClassSpaceSize: 1.00 GB
Initial GC threshold: 21.00 MB
Current GC threshold: 116.06 MB
CDS: off
MetaspaceReclaimPolicy: balanced
 - commit_granule_bytes: 65536.
 - commit_granule_words: 8192.
 - virtual_space_node_default_size: 1048576.
 - enlarge_chunks_in_place: 1.
 - new_chunks_are_fully_committed: 0.
 - uncommit_free_chunks: 1.
 - use_allocation_guard: 0.
 - handle_deallocations: 1.


Internal statistics:

num_allocs_failed_limit: 3.
num_arena_births: 754.
num_arena_deaths: 0.
num_vsnodes_births: 10.
num_vsnodes_deaths: 0.
num_space_committed: 1273.
num_space_uncommitted: 0.
num_chunks_returned_to_freelist: 3.
num_chunks_taken_from_freelist: 3598.
num_chunk_merges: 3.
num_chunk_splits: 2395.
num_chunks_enlarged: 1642.
num_purges: 0.
num_inconsistent_stats: 0.

CodeHeap 'non-profiled nmethods': size=120064Kb used=4668Kb max_used=4668Kb free=115395Kb
 bounds [0x0000020ec24d0000, 0x0000020ec2960000, 0x0000020ec9a10000]
CodeHeap 'profiled nmethods': size=120000Kb used=15461Kb max_used=15461Kb free=104538Kb
 bounds [0x0000020ebaa10000, 0x0000020ebb930000, 0x0000020ec1f40000]
CodeHeap 'non-nmethods': size=5696Kb used=2363Kb max_used=2411Kb free=3332Kb
 bounds [0x0000020ec1f40000, 0x0000020ec21b0000, 0x0000020ec24d0000]
 total_blobs=8540 nmethods=7641 adapters=810
 compilation: enabled
              stopped_count=0, restarted_count=0
 full_count=0

Compilation events (20 events):
Event: 187.918 Thread 0x0000020ed0617f50 8423       3       kotlin.reflect.jvm.internal.impl.name.FqName::asString (16 bytes)
Event: 187.918 Thread 0x0000020ed0617f50 nmethod 8423 0x0000020ebb926690 code [0x0000020ebb926840, 0x0000020ebb926a98]
Event: 187.918 Thread 0x0000020ed0617f50 8424       3       kotlin.reflect.jvm.internal.impl.name.FqName::<init> (18 bytes)
Event: 187.919 Thread 0x0000020ed0617f50 nmethod 8424 0x0000020ebb926b90 code [0x0000020ebb926d40, 0x0000020ebb926f68]
Event: 187.919 Thread 0x0000020ed0617f50 8425       3       kotlin.reflect.jvm.internal.impl.name.FqName::<init> (26 bytes)
Event: 187.920 Thread 0x0000020ed0617f50 nmethod 8425 0x0000020ebb927090 code [0x0000020ebb927260, 0x0000020ebb9276f8]
Event: 187.965 Thread 0x0000020ed0617f50 8426       1       groovy.lang.MetaClassImpl::isInitialized (5 bytes)
Event: 187.965 Thread 0x0000020ed0617f50 nmethod 8426 0x0000020ec295e390 code [0x0000020ec295e520, 0x0000020ec295e5f8]
Event: 188.156 Thread 0x0000020ed0617f50 8427       3       java.nio.ByteBuffer::put (69 bytes)
Event: 188.158 Thread 0x0000020ed0617f50 nmethod 8427 0x0000020ebb927890 code [0x0000020ebb927aa0, 0x0000020ebb928118]
Event: 188.160 Thread 0x0000020ed0617f50 8428       3       java.lang.reflect.ProxyGenerator::addProxyMethod (33 bytes)
Event: 188.161 Thread 0x0000020ed0617f50 nmethod 8428 0x0000020ebb928390 code [0x0000020ebb928560, 0x0000020ebb928a58]
Event: 188.161 Thread 0x0000020ed0617f50 8429       3       java.lang.reflect.ProxyGenerator$$Lambda$16/0x00000001000dce30::apply (8 bytes)
Event: 188.161 Thread 0x0000020ed0617f50 nmethod 8429 0x0000020ebb928c10 code [0x0000020ebb928dc0, 0x0000020ebb9290a8]
Event: 188.161 Thread 0x0000020ed0617f50 8430       3       java.lang.reflect.ProxyGenerator::lambda$addProxyMethod$1 (9 bytes)
Event: 188.161 Thread 0x0000020ed0617f50 nmethod 8430 0x0000020ebb929190 code [0x0000020ebb929340, 0x0000020ebb9294c8]
Event: 188.161 Thread 0x0000020ed0612570 8431       4       jdk.internal.org.objectweb.asm.ByteVector::put11 (52 bytes)
Event: 188.168 Thread 0x0000020ed0612570 nmethod 8431 0x0000020ec295e690 code [0x0000020ec295e820, 0x0000020ec295ec58]
Event: 188.321 Thread 0x0000020ed0617f50 8432       1       java.util.concurrent.locks.ReentrantReadWriteLock::writeLock (5 bytes)
Event: 188.321 Thread 0x0000020ed0617f50 nmethod 8432 0x0000020ec295ee10 code [0x0000020ec295efa0, 0x0000020ec295f078]

GC Heap History (20 events):
Event: 132.948 GC heap before
{Heap before GC invocations=51 (full 0):
 garbage-first heap   total 167936K, used 120870K [0x0000000080000000, 0x0000000100000000)
  region size 1024K, 23 young (23552K), 1 survivors (1024K)
 Metaspace       used 62911K, committed 63488K, reserved 1105920K
  class space    used 8298K, committed 8576K, reserved 1048576K
}
Event: 132.958 GC heap after
{Heap after GC invocations=52 (full 0):
 garbage-first heap   total 167936K, used 99194K [0x0000000080000000, 0x0000000100000000)
  region size 1024K, 2 young (2048K), 2 survivors (2048K)
 Metaspace       used 62911K, committed 63488K, reserved 1105920K
  class space    used 8298K, committed 8576K, reserved 1048576K
}
Event: 134.600 GC heap before
{Heap before GC invocations=52 (full 0):
 garbage-first heap   total 167936K, used 105338K [0x0000000080000000, 0x0000000100000000)
  region size 1024K, 8 young (8192K), 2 survivors (2048K)
 Metaspace       used 64556K, committed 65216K, reserved 1105920K
  class space    used 8524K, committed 8832K, reserved 1048576K
}
Event: 134.613 GC heap after
{Heap after GC invocations=53 (full 0):
 garbage-first heap   total 167936K, used 99469K [0x0000000080000000, 0x0000000100000000)
  region size 1024K, 1 young (1024K), 1 survivors (1024K)
 Metaspace       used 64556K, committed 65216K, reserved 1105920K
  class space    used 8524K, committed 8832K, reserved 1048576K
}
Event: 142.133 GC heap before
{Heap before GC invocations=53 (full 0):
 garbage-first heap   total 167936K, used 134285K [0x0000000080000000, 0x0000000100000000)
  region size 1024K, 29 young (29696K), 1 survivors (1024K)
 Metaspace       used 67444K, committed 68096K, reserved 1114112K
  class space    used 8885K, committed 9216K, reserved 1048576K
}
Event: 142.166 GC heap after
{Heap after GC invocations=54 (full 0):
 garbage-first heap   total 167936K, used 102754K [0x0000000080000000, 0x0000000100000000)
  region size 1024K, 4 young (4096K), 4 survivors (4096K)
 Metaspace       used 67444K, committed 68096K, reserved 1114112K
  class space    used 8885K, committed 9216K, reserved 1048576K
}
Event: 148.185 GC heap before
{Heap before GC invocations=54 (full 0):
 garbage-first heap   total 167936K, used 130402K [0x0000000080000000, 0x0000000100000000)
  region size 1024K, 31 young (31744K), 4 survivors (4096K)
 Metaspace       used 69889K, committed 70464K, reserved 1114112K
  class space    used 9195K, committed 9472K, reserved 1048576K
}
Event: 148.204 GC heap after
{Heap after GC invocations=55 (full 0):
 garbage-first heap   total 167936K, used 104980K [0x0000000080000000, 0x0000000100000000)
  region size 1024K, 3 young (3072K), 3 survivors (3072K)
 Metaspace       used 69889K, committed 70464K, reserved 1114112K
  class space    used 9195K, committed 9472K, reserved 1048576K
}
Event: 149.194 GC heap before
{Heap before GC invocations=55 (full 0):
 garbage-first heap   total 167936K, used 111124K [0x0000000080000000, 0x0000000100000000)
  region size 1024K, 10 young (10240K), 3 survivors (3072K)
 Metaspace       used 70590K, committed 71232K, reserved 1114112K
  class space    used 9260K, committed 9536K, reserved 1048576K
}
Event: 149.207 GC heap after
{Heap after GC invocations=56 (full 0):
 garbage-first heap   total 167936K, used 105564K [0x0000000080000000, 0x0000000100000000)
  region size 1024K, 3 young (3072K), 3 survivors (3072K)
 Metaspace       used 70590K, committed 71232K, reserved 1114112K
  class space    used 9260K, committed 9536K, reserved 1048576K
}
Event: 167.040 GC heap before
{Heap before GC invocations=57 (full 0):
 garbage-first heap   total 181248K, used 135260K [0x0000000080000000, 0x0000000100000000)
  region size 1024K, 31 young (31744K), 3 survivors (3072K)
 Metaspace       used 71519K, committed 72192K, reserved 1114112K
  class space    used 9412K, committed 9728K, reserved 1048576K
}
Event: 167.479 GC heap after
{Heap after GC invocations=58 (full 0):
 garbage-first heap   total 181248K, used 107343K [0x0000000080000000, 0x0000000100000000)
  region size 1024K, 3 young (3072K), 3 survivors (3072K)
 Metaspace       used 71519K, committed 72192K, reserved 1114112K
  class space    used 9412K, committed 9728K, reserved 1048576K
}
Event: 168.173 GC heap before
{Heap before GC invocations=58 (full 0):
 garbage-first heap   total 181248K, used 112463K [0x0000000080000000, 0x0000000100000000)
  region size 1024K, 8 young (8192K), 3 survivors (3072K)
 Metaspace       used 71544K, committed 72192K, reserved 1114112K
  class space    used 9415K, committed 9728K, reserved 1048576K
}
Event: 168.228 GC heap after
{Heap after GC invocations=59 (full 0):
 garbage-first heap   total 181248K, used 107851K [0x0000000080000000, 0x0000000100000000)
  region size 1024K, 1 young (1024K), 1 survivors (1024K)
 Metaspace       used 71544K, committed 72192K, reserved 1114112K
  class space    used 9415K, committed 9728K, reserved 1048576K
}
Event: 177.630 GC heap before
{Heap before GC invocations=59 (full 0):
 garbage-first heap   total 181248K, used 146763K [0x0000000080000000, 0x0000000100000000)
  region size 1024K, 39 young (39936K), 1 survivors (1024K)
 Metaspace       used 75248K, committed 75968K, reserved 1122304K
  class space    used 10057K, committed 10368K, reserved 1048576K
}
Event: 177.663 GC heap after
{Heap after GC invocations=60 (full 0):
 garbage-first heap   total 181248K, used 109682K [0x0000000080000000, 0x0000000100000000)
  region size 1024K, 3 young (3072K), 3 survivors (3072K)
 Metaspace       used 75248K, committed 75968K, reserved 1122304K
  class space    used 10057K, committed 10368K, reserved 1048576K
}
Event: 186.135 GC heap before
{Heap before GC invocations=60 (full 0):
 garbage-first heap   total 181248K, used 149618K [0x0000000080000000, 0x0000000100000000)
  region size 1024K, 42 young (43008K), 3 survivors (3072K)
 Metaspace       used 79643K, committed 80320K, reserved 1122304K
  class space    used 10608K, committed 10880K, reserved 1048576K
}
Event: 186.512 GC heap after
{Heap after GC invocations=61 (full 0):
 garbage-first heap   total 181248K, used 114460K [0x0000000080000000, 0x0000000100000000)
  region size 1024K, 6 young (6144K), 6 survivors (6144K)
 Metaspace       used 79643K, committed 80320K, reserved 1122304K
  class space    used 10608K, committed 10880K, reserved 1048576K
}
Event: 189.817 GC heap before
{Heap before GC invocations=61 (full 0):
 garbage-first heap   total 181248K, used 119580K [0x0000000080000000, 0x0000000100000000)
  region size 1024K, 12 young (12288K), 6 survivors (6144K)
 Metaspace       used 80758K, committed 81472K, reserved 1122304K
  class space    used 10762K, committed 11072K, reserved 1048576K
}
Event: 189.876 GC heap after
{Heap after GC invocations=62 (full 0):
 garbage-first heap   total 181248K, used 115627K [0x0000000080000000, 0x0000000100000000)
  region size 1024K, 1 young (1024K), 1 survivors (1024K)
 Metaspace       used 80758K, committed 81472K, reserved 1122304K
  class space    used 10762K, committed 11072K, reserved 1048576K
}

Dll operation events (2 events):
Event: 1.513 Loaded shared library C:\Program Files\Android\Android Studio\jbr\bin\java.dll
Event: 16.014 Loaded shared library C:\Program Files\Android\Android Studio\jbr\bin\verify.dll

Deoptimization events (20 events):
Event: 186.528 Thread 0x0000020ed407edd0 Uncommon trap: trap_request=0xffffff45 fr.pc=0x0000020ec25587f4 relative=0x0000000000000694
Event: 186.528 Thread 0x0000020ed407edd0 Uncommon trap: reason=unstable_if action=reinterpret pc=0x0000020ec25587f4 method=org.gradle.util.internal.SimpleMapInterner.intern(Ljava/lang/String;)Ljava/lang/String; @ 1 c2
Event: 186.528 Thread 0x0000020ed407edd0 DEOPT PACKING pc=0x0000020ec25587f4 sp=0x00000065a49f8710
Event: 186.528 Thread 0x0000020ed407edd0 DEOPT UNPACKING pc=0x0000020ec1f9699d sp=0x00000065a49f86c8 mode 2
Event: 188.330 Thread 0x0000020ed407edd0 Uncommon trap: trap_request=0xffffff45 fr.pc=0x0000020ec26247d8 relative=0x0000000000000718
Event: 188.330 Thread 0x0000020ed407edd0 Uncommon trap: reason=unstable_if action=reinterpret pc=0x0000020ec26247d8 method=java.lang.Integer.stringSize(I)I @ 3 c2
Event: 188.330 Thread 0x0000020ed407edd0 DEOPT PACKING pc=0x0000020ec26247d8 sp=0x00000065a49fc530
Event: 188.330 Thread 0x0000020ed407edd0 DEOPT UNPACKING pc=0x0000020ec1f9699d sp=0x00000065a49fc480 mode 2
Event: 188.330 Thread 0x0000020ed407edd0 Uncommon trap: trap_request=0xffffff45 fr.pc=0x0000020ec26209ac relative=0x000000000000028c
Event: 188.330 Thread 0x0000020ed407edd0 Uncommon trap: reason=unstable_if action=reinterpret pc=0x0000020ec26209ac method=java.lang.Integer.getChars(II[B)I @ 4 c2
Event: 188.330 Thread 0x0000020ed407edd0 DEOPT PACKING pc=0x0000020ec26209ac sp=0x00000065a49fc4d0
Event: 188.330 Thread 0x0000020ed407edd0 DEOPT UNPACKING pc=0x0000020ec1f9699d sp=0x00000065a49fc460 mode 2
Event: 188.337 Thread 0x0000020ed407edd0 Uncommon trap: trap_request=0xffffff45 fr.pc=0x0000020ec26204a4 relative=0x00000000000000a4
Event: 188.337 Thread 0x0000020ed407edd0 Uncommon trap: reason=unstable_if action=reinterpret pc=0x0000020ec26204a4 method=java.lang.Integer.stringSize(I)I @ 3 c2
Event: 188.337 Thread 0x0000020ed407edd0 DEOPT PACKING pc=0x0000020ec26204a4 sp=0x00000065a49fc440
Event: 188.337 Thread 0x0000020ed407edd0 DEOPT UNPACKING pc=0x0000020ec1f9699d sp=0x00000065a49fc3c8 mode 2
Event: 189.352 Thread 0x0000020ed407edd0 Uncommon trap: trap_request=0xffffff45 fr.pc=0x0000020ec27db548 relative=0x0000000000000528
Event: 189.352 Thread 0x0000020ed407edd0 Uncommon trap: reason=unstable_if action=reinterpret pc=0x0000020ec27db548 method=jdk.internal.org.objectweb.asm.Frame.getAbstractTypeFromDescriptor(Ljdk/internal/org/objectweb/asm/SymbolTable;Ljava/lang/String;I)I @ 189 c2
Event: 189.352 Thread 0x0000020ed407edd0 DEOPT PACKING pc=0x0000020ec27db548 sp=0x00000065a49fbb90
Event: 189.352 Thread 0x0000020ed407edd0 DEOPT UNPACKING pc=0x0000020ec1f9699d sp=0x00000065a49fbb50 mode 2

Classes unloaded (0 events):
No events

Classes redefined (0 events):
No events

Internal exceptions (20 events):
Event: 169.127 Thread 0x0000020ed407edd0 Exception <a 'java/lang/ClassNotFoundException'{0x000000008a786e70}: build_c7uch30xy1qhkmtayeokas9ki$_run_closure1Customizer> (0x000000008a786e70) 
thrown [s\src\hotspot\share\classfile\systemDictionary.cpp, line 256]
Event: 169.527 Thread 0x0000020ed407edd0 Exception <a 'java/lang/ClassNotFoundException'{0x000000008a7c2ce0}: org/gradle/api/JavaVersionBeanInfo> (0x000000008a7c2ce0) 
thrown [s\src\hotspot\share\classfile\systemDictionary.cpp, line 256]
Event: 169.531 Thread 0x0000020ed407edd0 Exception <a 'java/lang/ClassNotFoundException'{0x000000008a7d83d8}: org/gradle/api/JavaVersionCustomizer> (0x000000008a7d83d8) 
thrown [s\src\hotspot\share\classfile\systemDictionary.cpp, line 256]
Event: 169.932 Thread 0x0000020ed407edd0 Exception <a 'java/lang/ClassNotFoundException'{0x000000008a62d338}: com/android/build/gradle/internal/CompileOptions$AgpDecorated_DecoratedBeanInfo> (0x000000008a62d338) 
thrown [s\src\hotspot\share\classfile\systemDictionary.cpp, line 256]
Event: 169.934 Thread 0x0000020ed407edd0 Exception <a 'java/lang/ClassNotFoundException'{0x000000008a6399d8}: com/android/build/gradle/internal/CompileOptions$AgpDecoratedBeanInfo> (0x000000008a6399d8) 
thrown [s\src\hotspot\share\classfile\systemDictionary.cpp, line 256]
Event: 169.936 Thread 0x0000020ed407edd0 Exception <a 'java/lang/ClassNotFoundException'{0x000000008a646708}: com/android/build/gradle/internal/CompileOptionsBeanInfo> (0x000000008a646708) 
thrown [s\src\hotspot\share\classfile\systemDictionary.cpp, line 256]
Event: 169.938 Thread 0x0000020ed407edd0 Exception <a 'java/lang/ClassNotFoundException'{0x000000008a652ef0}: com/android/build/gradle/internal/CompileOptionsCustomizer> (0x000000008a652ef0) 
thrown [s\src\hotspot\share\classfile\systemDictionary.cpp, line 256]
Event: 169.962 Thread 0x0000020ed407edd0 Exception <a 'java/lang/ClassNotFoundException'{0x000000008a66bb58}: com/android/build/gradle/internal/CompileOptions$AgpDecoratedCustomizer> (0x000000008a66bb58) 
thrown [s\src\hotspot\share\classfile\systemDictionary.cpp, line 256]
Event: 169.965 Thread 0x0000020ed407edd0 Exception <a 'java/lang/ClassNotFoundException'{0x000000008a687820}: com/android/build/gradle/internal/CompileOptions$AgpDecorated_DecoratedCustomizer> (0x000000008a687820) 
thrown [s\src\hotspot\share\classfile\systemDictionary.cpp, line 256]
Event: 178.304 Thread 0x0000020ed407edd0 Exception <a 'java/lang/NoSuchMethodError'{0x000000008a9c3948}: 'int java.lang.invoke.DirectMethodHandle$Holder.invokeSpecialIFC(java.lang.Object, java.lang.Object, java.lang.Object, java.lang.Object, java.lang.Object)'> (0x000000008a9c3948) 
thrown [s\src\hotspot\share\interpreter\linkResolver.cpp, line 771]
Event: 182.359 Thread 0x0000020ed407edd0 Exception <a 'java/lang/ClassNotFoundException'{0x0000000089cd2210}: com/android/build/gradle/internal/api/ApkVariantOutputImpl_DecoratedBeanInfo> (0x0000000089cd2210) 
thrown [s\src\hotspot\share\classfile\systemDictionary.cpp, line 256]
Event: 182.363 Thread 0x0000020ed407edd0 Exception <a 'java/lang/ClassNotFoundException'{0x0000000089cdf090}: com/android/build/gradle/internal/api/ApkVariantOutputImplBeanInfo> (0x0000000089cdf090) 
thrown [s\src\hotspot\share\classfile\systemDictionary.cpp, line 256]
Event: 182.370 Thread 0x0000020ed407edd0 Exception <a 'java/lang/ClassNotFoundException'{0x0000000089cebf20}: com/android/build/gradle/internal/api/BaseVariantOutputImplBeanInfo> (0x0000000089cebf20) 
thrown [s\src\hotspot\share\classfile\systemDictionary.cpp, line 256]
Event: 182.372 Thread 0x0000020ed407edd0 Exception <a 'java/lang/ClassNotFoundException'{0x0000000089cf8d88}: com/android/build/gradle/internal/api/BaseVariantOutputImplCustomizer> (0x0000000089cf8d88) 
thrown [s\src\hotspot\share\classfile\systemDictionary.cpp, line 256]
Event: 182.399 Thread 0x0000020ed407edd0 Exception <a 'java/lang/ClassNotFoundException'{0x0000000089b18f90}: com/android/build/gradle/internal/api/ApkVariantOutputImplCustomizer> (0x0000000089b18f90) 
thrown [s\src\hotspot\share\classfile\systemDictionary.cpp, line 256]
Event: 182.422 Thread 0x0000020ed407edd0 Exception <a 'java/lang/ClassNotFoundException'{0x0000000089b33cc8}: com/android/build/gradle/internal/api/ApkVariantOutputImpl_DecoratedCustomizer> (0x0000000089b33cc8) 
thrown [s\src\hotspot\share\classfile\systemDictionary.cpp, line 256]
Event: 183.180 Thread 0x0000020ed407edd0 Exception <a 'java/lang/NoClassDefFoundError'{0x0000000089a1d440}: org/jetbrains/kotlin/gradle/plugin/KotlinBasePluginWrapper> (0x0000000089a1d440) 
thrown [s\src\hotspot\share\classfile\systemDictionary.cpp, line 245]
Event: 184.876 Thread 0x0000020ed407edd0 Exception <a 'java/lang/NoSuchMethodError'{0x0000000088f55d98}: static Lcom/android/build/gradle/internal/profile/ProjectData;.<clinit>()V> (0x0000000088f55d98) 
thrown [s\src\hotspot\share\prims\jni.cpp, line 1108]
Event: 185.037 Thread 0x0000020ed407edd0 Exception <a 'sun/nio/fs/WindowsException'{0x0000000088d427d8}> (0x0000000088d427d8) 
thrown [s\src\hotspot\share\prims\jni.cpp, line 517]
Event: 186.528 Thread 0x0000020ed407edd0 Implicit null exception at 0x0000020ec2558194 to 0x0000020ec25587e0

VM Operations (20 events):
Event: 178.665 Executing VM operation: Cleanup done
Event: 179.670 Executing VM operation: Cleanup
Event: 179.733 Executing VM operation: Cleanup done
Event: 180.747 Executing VM operation: Cleanup
Event: 181.296 Executing VM operation: Cleanup done
Event: 183.317 Executing VM operation: Cleanup
Event: 183.338 Executing VM operation: Cleanup done
Event: 185.344 Executing VM operation: Cleanup
Event: 185.345 Executing VM operation: Cleanup done
Event: 186.094 Executing VM operation: G1CollectForAllocation
Event: 186.514 Executing VM operation: G1CollectForAllocation done
Event: 187.529 Executing VM operation: Cleanup
Event: 187.529 Executing VM operation: Cleanup done
Event: 188.538 Executing VM operation: Cleanup
Event: 188.592 Executing VM operation: Cleanup done
Event: 189.604 Executing VM operation: Cleanup
Event: 189.606 Executing VM operation: Cleanup done
Event: 189.817 Executing VM operation: G1TryInitiateConcMark
Event: 189.876 Executing VM operation: G1TryInitiateConcMark done
Event: 190.460 Executing VM operation: G1Concurrent

Events (20 events):
Event: 151.197 loading class java/util/regex/Pattern$Caret done
Event: 166.843 loading class java/beans/IntrospectionException
Event: 166.946 loading class java/beans/IntrospectionException done
Event: 168.875 Thread 0x0000020ed1018050 flushing nmethod 0x0000020ec269d490
Event: 168.877 Thread 0x0000020ed1018050 flushing nmethod 0x0000020ec26cf510
Event: 169.138 Thread 0x0000020ed1018050 flushing nmethod 0x0000020ebab6d110
Event: 181.602 Thread 0x0000020ed13d87e0 Thread exited: 0x0000020ed13d87e0
Event: 184.865 loading class java/io/ObjectOutputStream$BlockDataOutputStream
Event: 184.869 loading class java/io/ObjectOutputStream$BlockDataOutputStream done
Event: 184.869 loading class java/io/ObjectOutputStream$HandleTable
Event: 184.869 loading class java/io/ObjectOutputStream$HandleTable done
Event: 184.869 loading class java/io/ObjectOutputStream$ReplaceTable
Event: 184.870 loading class java/io/ObjectOutputStream$ReplaceTable done
Event: 185.065 loading class java/nio/channels/Channels$1
Event: 185.067 loading class java/nio/channels/Channels$1 done
Event: 185.107 Thread 0x0000020ed564eb20 Thread added: 0x0000020ed564eb20
Event: 185.107 loading class java/util/concurrent/ConcurrentLinkedQueue$Itr
Event: 185.109 loading class java/util/concurrent/ConcurrentLinkedQueue$Itr done
Event: 188.403 loading class java/io/NotSerializableException
Event: 188.403 loading class java/io/NotSerializableException done


Dynamic libraries:
0x00007ff794c20000 - 0x00007ff794c2a000 	C:\Program Files\Android\Android Studio\jbr\bin\java.exe
0x00007ffd28d70000 - 0x00007ffd28f68000 	C:\WINDOWS\SYSTEM32\ntdll.dll
0x00007ffd285b0000 - 0x00007ffd2866f000 	C:\WINDOWS\System32\KERNEL32.DLL
0x00007ffd26880000 - 0x00007ffd26b76000 	C:\WINDOWS\System32\KERNELBASE.dll
0x00007ffd26cd0000 - 0x00007ffd26dd0000 	C:\WINDOWS\System32\ucrtbase.dll
0x00007ffd100e0000 - 0x00007ffd100f7000 	C:\Program Files\Android\Android Studio\jbr\bin\jli.dll
0x00007ffd27610000 - 0x00007ffd277ad000 	C:\WINDOWS\System32\USER32.dll
0x00007ffd26c50000 - 0x00007ffd26c72000 	C:\WINDOWS\System32\win32u.dll
0x00007ffd274b0000 - 0x00007ffd274dc000 	C:\WINDOWS\System32\GDI32.dll
0x00007ffd26620000 - 0x00007ffd26735000 	C:\WINDOWS\System32\gdi32full.dll
0x00007ffd26b80000 - 0x00007ffd26c1d000 	C:\WINDOWS\System32\msvcp_win.dll
0x00007ffd10090000 - 0x00007ffd100ab000 	C:\Program Files\Android\Android Studio\jbr\bin\VCRUNTIME140.dll
0x00007ffcfc450000 - 0x00007ffcfc6ea000 	C:\WINDOWS\WinSxS\amd64_microsoft.windows.common-controls_6595b64144ccf1df_6.0.19041.1110_none_60b5254171f9507e\COMCTL32.dll
0x00007ffd282f0000 - 0x00007ffd2838e000 	C:\WINDOWS\System32\msvcrt.dll
0x00007ffd277b0000 - 0x00007ffd277e0000 	C:\WINDOWS\System32\IMM32.DLL
0x00007ffd15680000 - 0x00007ffd1568c000 	C:\Program Files\Android\Android Studio\jbr\bin\vcruntime140_1.dll
0x00007ffceb330000 - 0x00007ffceb3bd000 	C:\Program Files\Android\Android Studio\jbr\bin\msvcp140.dll
0x00007ffcc5850000 - 0x00007ffcc64bd000 	C:\Program Files\Android\Android Studio\jbr\bin\server\jvm.dll
0x00007ffd28b50000 - 0x00007ffd28bff000 	C:\WINDOWS\System32\ADVAPI32.dll
0x00007ffd280e0000 - 0x00007ffd2817c000 	C:\WINDOWS\System32\sechost.dll
0x00007ffd28480000 - 0x00007ffd285a6000 	C:\WINDOWS\System32\RPCRT4.dll
0x00007ffd07a70000 - 0x00007ffd07a79000 	C:\WINDOWS\SYSTEM32\WSOCK32.dll
0x00007ffd27920000 - 0x00007ffd2798b000 	C:\WINDOWS\System32\WS2_32.dll
0x00007ffd1d730000 - 0x00007ffd1d73a000 	C:\WINDOWS\SYSTEM32\VERSION.dll
0x00007ffd11980000 - 0x00007ffd119a7000 	C:\WINDOWS\SYSTEM32\WINMM.dll
0x00007ffd24c80000 - 0x00007ffd24c92000 	C:\WINDOWS\SYSTEM32\kernel.appcore.dll
0x00007ffd074a0000 - 0x00007ffd074aa000 	C:\Program Files\Android\Android Studio\jbr\bin\jimage.dll
0x00007ffd24950000 - 0x00007ffd24b34000 	C:\WINDOWS\SYSTEM32\DBGHELP.DLL
0x00007ffd0e920000 - 0x00007ffd0e954000 	C:\WINDOWS\SYSTEM32\dbgcore.DLL
0x00007ffd26740000 - 0x00007ffd267c2000 	C:\WINDOWS\System32\bcryptPrimitives.dll
0x00007ffd07470000 - 0x00007ffd07495000 	C:\Program Files\Android\Android Studio\jbr\bin\java.dll
0x00007ffd07450000 - 0x00007ffd07468000 	C:\Program Files\Android\Android Studio\jbr\bin\zip.dll
0x00007ffd27990000 - 0x00007ffd280d4000 	C:\WINDOWS\System32\SHELL32.dll
0x00007ffd240e0000 - 0x00007ffd24873000 	C:\WINDOWS\SYSTEM32\windows.storage.dll
0x00007ffd28730000 - 0x00007ffd28a84000 	C:\WINDOWS\System32\combase.dll
0x00007ffd25ea0000 - 0x00007ffd25ece000 	C:\WINDOWS\SYSTEM32\Wldp.dll
0x00007ffd28aa0000 - 0x00007ffd28b4d000 	C:\WINDOWS\System32\SHCORE.dll
0x00007ffd27240000 - 0x00007ffd27295000 	C:\WINDOWS\System32\shlwapi.dll
0x00007ffd26390000 - 0x00007ffd263af000 	C:\WINDOWS\SYSTEM32\profapi.dll
0x00007ffd07430000 - 0x00007ffd07449000 	C:\Program Files\Android\Android Studio\jbr\bin\net.dll
0x00007ffd18470000 - 0x00007ffd1857a000 	C:\WINDOWS\SYSTEM32\WINHTTP.dll
0x00007ffd25c00000 - 0x00007ffd25c6a000 	C:\WINDOWS\system32\mswsock.dll
0x00007ffd072e0000 - 0x00007ffd072f6000 	C:\Program Files\Android\Android Studio\jbr\bin\nio.dll
0x00007ffd07260000 - 0x00007ffd07270000 	C:\Program Files\Android\Android Studio\jbr\bin\verify.dll
0x00007ffd07ae0000 - 0x00007ffd07b07000 	C:\Users\bibis\.gradle\native\68d5fa5c4cc2d200863cafc0d521ce42e7d3e7ee720ec0a83991735586a16f82\windows-amd64\native-platform.dll
0x00007ffceb1e0000 - 0x00007ffceb324000 	C:\Users\bibis\.gradle\native\e376f236ea51e6404a007f0833ffe2c6e607c4080706a723a18a27aeea778392\windows-amd64\native-platform-file-events.dll
0x00007ffd07420000 - 0x00007ffd07429000 	C:\Program Files\Android\Android Studio\jbr\bin\management.dll
0x00007ffd072d0000 - 0x00007ffd072db000 	C:\Program Files\Android\Android Studio\jbr\bin\management_ext.dll
0x00007ffd28a90000 - 0x00007ffd28a98000 	C:\WINDOWS\System32\PSAPI.DLL
0x00007ffd25df0000 - 0x00007ffd25e08000 	C:\WINDOWS\SYSTEM32\CRYPTSP.dll
0x00007ffd25490000 - 0x00007ffd254c4000 	C:\WINDOWS\system32\rsaenh.dll
0x00007ffd26c20000 - 0x00007ffd26c47000 	C:\WINDOWS\System32\bcrypt.dll
0x00007ffd26350000 - 0x00007ffd2637e000 	C:\WINDOWS\SYSTEM32\USERENV.dll
0x00007ffd25e10000 - 0x00007ffd25e1c000 	C:\WINDOWS\SYSTEM32\CRYPTBASE.dll
0x00007ffd258a0000 - 0x00007ffd258dc000 	C:\WINDOWS\SYSTEM32\IPHLPAPI.DLL
0x00007ffd28390000 - 0x00007ffd28398000 	C:\WINDOWS\System32\NSI.dll
0x00007ffd1d3e0000 - 0x00007ffd1d3f7000 	C:\WINDOWS\SYSTEM32\dhcpcsvc6.DLL
0x00007ffd1d3c0000 - 0x00007ffd1d3dd000 	C:\WINDOWS\SYSTEM32\dhcpcsvc.DLL
0x00007ffd258f0000 - 0x00007ffd259ba000 	C:\WINDOWS\SYSTEM32\DNSAPI.dll
0x00007ffcf7a20000 - 0x00007ffcf7a27000 	C:\WINDOWS\system32\wshunix.dll

dbghelp: loaded successfully - version: 4.0.5 - missing functions: none
symbol engine: initialized successfully - sym options: 0x614 - pdb path: .;C:\Program Files\Android\Android Studio\jbr\bin;C:\WINDOWS\SYSTEM32;C:\WINDOWS\WinSxS\amd64_microsoft.windows.common-controls_6595b64144ccf1df_6.0.19041.1110_none_60b5254171f9507e;C:\Program Files\Android\Android Studio\jbr\bin\server;C:\Users\bibis\.gradle\native\68d5fa5c4cc2d200863cafc0d521ce42e7d3e7ee720ec0a83991735586a16f82\windows-amd64;C:\Users\bibis\.gradle\native\e376f236ea51e6404a007f0833ffe2c6e607c4080706a723a18a27aeea778392\windows-amd64

VM Arguments:
jvm_args: --add-opens=java.base/java.util=ALL-UNNAMED --add-opens=java.base/java.lang=ALL-UNNAMED --add-opens=java.base/java.lang.invoke=ALL-UNNAMED --add-opens=java.prefs/java.util.prefs=ALL-UNNAMED --add-opens=java.base/java.nio.charset=ALL-UNNAMED --add-opens=java.base/java.net=ALL-UNNAMED --add-opens=java.base/java.util.concurrent.atomic=ALL-UNNAMED -Xmx2048m -Dfile.encoding=UTF-8 -Duser.country=ID -Duser.language=en -Duser.variant 
java_command: org.gradle.launcher.daemon.bootstrap.GradleDaemon 8.0
java_class_path (initial): C:\Users\bibis\.gradle\wrapper\dists\gradle-8.0-bin\ca5e32bp14vu59qr306oxotwh\gradle-8.0\lib\gradle-launcher-8.0.jar
Launcher Type: SUN_STANDARD

[Global flags]
     intx CICompilerCount                          = 2                                         {product} {ergonomic}
     uint ConcGCThreads                            = 1                                         {product} {ergonomic}
     uint G1ConcRefinementThreads                  = 2                                         {product} {ergonomic}
   size_t G1HeapRegionSize                         = 1048576                                   {product} {ergonomic}
    uintx GCDrainStackTargetSize                   = 64                                        {product} {ergonomic}
   size_t InitialHeapSize                          = 62914560                                  {product} {ergonomic}
   size_t MarkStackSize                            = 4194304                                   {product} {ergonomic}
   size_t MaxHeapSize                              = 2147483648                                {product} {command line}
   size_t MaxNewSize                               = 1287651328                                {product} {ergonomic}
   size_t MinHeapDeltaBytes                        = 1048576                                   {product} {ergonomic}
   size_t MinHeapSize                              = 8388608                                   {product} {ergonomic}
    uintx NonNMethodCodeHeapSize                   = 5826188                                {pd product} {ergonomic}
    uintx NonProfiledCodeHeapSize                  = 122916026                              {pd product} {ergonomic}
    uintx ProfiledCodeHeapSize                     = 122916026                              {pd product} {ergonomic}
    uintx ReservedCodeCacheSize                    = 251658240                              {pd product} {ergonomic}
     bool SegmentedCodeCache                       = true                                      {product} {ergonomic}
   size_t SoftMaxHeapSize                          = 2147483648                             {manageable} {ergonomic}
     bool UseCompressedClassPointers               = true                           {product lp64_product} {ergonomic}
     bool UseCompressedOops                        = true                           {product lp64_product} {ergonomic}
     bool UseG1GC                                  = true                                      {product} {ergonomic}
     bool UseLargePagesIndividualAllocation        = false                                  {pd product} {ergonomic}

Logging:
Log output configuration:
 #0: stdout all=warning uptime,level,tags
 #1: stderr all=off uptime,level,tags

Environment Variables:
PATH=C:\Program Files (x86)\Common Files\Oracle\Java\javapath;C:\WINDOWS\system32;C:\WINDOWS;C:\WINDOWS\System32\Wbem;C:\WINDOWS\System32\WindowsPowerShell\v1.0\;C:\WINDOWS\System32\OpenSSH\;C:\Program Files (x86)\Microsoft SQL Server\160\DTS\Binn\;C:\Program Files\Azure Data Studio\bin;C:\ProgramData\chocolatey\bin;C:\tools\php82;C:\Program Files\Microsoft SQL Server\150\Tools\Binn\;C:\Program Files\Microsoft SQL Server\Client SDK\ODBC\170\Tools\Binn\;C:\Program Files\dotnet\;C:\ProgramData\ComposerSetup\bin;C:\Program Files (x86)\Microsoft SQL Server\160\Tools\Binn\;C:\Program Files\Microsoft SQL Server\160\Tools\Binn\;C:\Program Files\Microsoft SQL Server\160\DTS\Binn\;C:\Users\bibis\AppData\Local\Microsoft\WindowsApps;;C:\Program Files\Azure Data Studio\bin;C:\Users\bibis\.dotnet\tools;C:\Users\bibis\AppData\Roaming\Composer\vendor\bin
USERNAME=bibis
OS=Windows_NT
PROCESSOR_IDENTIFIER=Intel64 Family 6 Model 122 Stepping 8, GenuineIntel
TMP=C:\Users\bibis\AppData\Local\Temp
TEMP=C:\Users\bibis\AppData\Local\Temp



---------------  S Y S T E M  ---------------

OS:
 Windows 10 , 64 bit Build 19041 (10.0.19041.3031)
OS uptime: 2 days 6:07 hours
Hyper-V role detected

CPU: total 2 (initial active 2) (2 cores per cpu, 1 threads per core) family 6 model 122 stepping 8 microcode 0x20, cx8, cmov, fxsr, mmx, 3dnowpref, sse, sse2, sse3, ssse3, sse4.1, sse4.2, popcnt, tsc, tscinvbit, aes, erms, clmul, sha, clflush, clflushopt, hv

Memory: 4k page, system-wide physical 3736M (13M free)
TotalPageFile size 15000M (AvailPageFile size 20M)
current process WorkingSet (physical memory assigned to process): 185M, peak: 186M
current process commit charge ("private bytes"): 400M, peak: 430M

vm_info: OpenJDK 64-Bit Server VM (17.0.6+0-b2043.56-9586694) for windows-amd64 JRE (17.0.6+0-b2043.56-9586694), built on Feb  9 2023 20:06:20 by "androidbuild" with MS VC++ 16.10 / 16.11 (VS2019)

END.
